TN:
SF:src/app.ts
FNF:0
FNH:0
DA:1,2
DA:2,2
DA:3,2
DA:5,2
DA:6,2
DA:7,2
DA:9,2
DA:12,2
DA:13,2
DA:14,2
DA:17,2
DA:18,2
DA:21,2
DA:22,2
DA:24,2
LF:15
LH:15
BRF:0
BRH:0
end_of_record
TN:
SF:src/data/booksRepository.ts
FN:7,getAllBooks
FN:11,getBookById
FN:13,(anonymous_2)
FN:16,searchBooks
FN:21,(anonymous_4)
FN:28,createBook
FNF:6
FNH:6
FNDA:26,getAllBooks
FNDA:6,getBookById
FNDA:125,(anonymous_2)
FNDA:11,searchBooks
FNDA:300,(anonymous_4)
FNDA:3,createBook
DA:1,3
DA:3,3
DA:5,3
DA:7,3
DA:8,26
DA:11,3
DA:12,6
DA:13,125
DA:16,3
DA:17,11
DA:18,11
DA:19,11
DA:20,10
DA:22,300
DA:28,3
DA:29,3
DA:31,3
DA:37,3
DA:38,3
DA:39,3
LF:20
LH:20
BRDA:19,0,0,1
BRDA:22,1,0,300
BRDA:22,1,1,296
BRDA:22,1,2,294
BRF:4
BRH:4
end_of_record
TN:
SF:src/data/jsonStore.ts
FN:8,readJson
FN:15,writeJson
FNF:2
FNH:2
FNDA:26,readJson
FNDA:3,writeJson
DA:1,3
DA:2,3
DA:5,3
DA:8,3
DA:9,26
DA:10,26
DA:11,26
DA:15,3
DA:16,3
DA:17,3
LF:10
LH:10
BRF:0
BRH:0
end_of_record
TN:
SF:src/middleware/errorHandler.ts
FN:7,errorHandler
FN:27,notFoundHandler
FNF:2
FNH:2
FNDA:5,errorHandler
FNDA:1,notFoundHandler
DA:7,2
DA:13,5
DA:14,5
DA:16,5
DA:17,0
DA:20,5
DA:27,2
DA:28,1
LF:8
LH:7
BRDA:13,0,0,5
BRDA:13,0,1,0
BRDA:14,1,0,0
BRDA:14,1,1,5
BRDA:16,2,0,0
BRF:5
BRH:2
end_of_record
TN:
SF:src/routes/books.ts
FN:13,(anonymous_9)
FN:25,(anonymous_10)
FN:35,(anonymous_11)
FN:45,(anonymous_12)
FNF:4
FNH:4
FNDA:7,(anonymous_9)
FNDA:3,(anonymous_10)
FNDA:3,(anonymous_11)
FNDA:5,(anonymous_12)
DA:1,2
DA:2,2
DA:5,2
DA:11,2
DA:14,7
DA:15,7
DA:16,7
DA:17,6
DA:19,1
DA:25,2
DA:26,3
DA:27,3
DA:28,3
DA:30,0
DA:35,2
DA:36,3
DA:37,3
DA:38,2
DA:40,1
DA:45,2
DA:46,5
DA:47,5
DA:48,5
DA:49,2
DA:51,3
DA:55,2
LF:26
LH:25
BRF:0
BRH:0
end_of_record
TN:
SF:src/routes/health.ts
FN:5,(anonymous_0)
FNF:1
FNH:1
FNDA:1,(anonymous_0)
DA:1,2
DA:3,2
DA:5,2
DA:6,1
DA:16,2
LF:5
LH:5
BRF:0
BRH:0
end_of_record
TN:
SF:src/services/booksService.ts
FN:4,listBooks
FN:8,findBook
FN:18,searchBooks
FN:27,addBook
FNF:4
FNH:4
FNDA:3,listBooks
FNDA:3,findBook
FNDA:7,searchBooks
FNDA:5,addBook
DA:2,2
DA:4,2
DA:5,3
DA:8,2
DA:9,3
DA:10,3
DA:11,1
DA:12,1
DA:13,1
DA:15,2
DA:18,2
DA:19,7
DA:20,1
DA:21,1
DA:22,1
DA:24,6
DA:27,2
DA:28,5
DA:30,5
DA:31,1
DA:32,1
DA:33,1
DA:35,4
DA:36,1
DA:37,1
DA:38,1
DA:40,3
DA:41,0
DA:42,0
DA:43,0
DA:45,3
DA:46,1
DA:47,1
DA:48,1
DA:50,2
DA:51,0
DA:52,0
DA:53,0
DA:56,2
LF:39
LH:33
BRDA:10,0,0,1
BRDA:19,1,0,1
BRDA:19,2,0,7
BRDA:19,2,1,6
BRDA:30,3,0,1
BRDA:35,4,0,1
BRDA:40,5,0,0
BRDA:45,6,0,1
BRDA:45,7,0,3
BRDA:45,7,1,3
BRDA:50,8,0,0
BRF:11
BRH:9
end_of_record
