TN:
SF:src/app.ts
FNF:0
FNH:0
DA:1,3
DA:2,3
DA:3,3
DA:5,3
DA:6,3
DA:7,3
DA:8,3
DA:10,3
DA:13,3
DA:14,3
DA:15,3
DA:18,3
DA:19,3
DA:20,3
DA:23,3
DA:24,3
DA:26,3
LF:17
LH:17
BRF:0
BRH:0
end_of_record
TN:
SF:src/data/booksRepository.ts
FN:7,getAllBooks
FN:11,getBookById
FN:13,(anonymous_2)
FN:16,searchBooks
FN:21,(anonymous_4)
FN:28,createBook
FN:42,deleteBook
FN:44,(anonymous_7)
FNF:8
FNH:8
FNDA:49,getAllBooks
FNDA:24,getBookById
FNDA:232,(anonymous_2)
FNDA:11,searchBooks
FNDA:300,(anonymous_4)
FNDA:5,createBook
FNDA:3,deleteBook
FNDA:98,(anonymous_7)
DA:1,4
DA:3,4
DA:5,4
DA:7,4
DA:8,49
DA:11,4
DA:12,24
DA:13,232
DA:16,4
DA:17,11
DA:18,11
DA:19,11
DA:20,10
DA:22,300
DA:28,4
DA:29,5
DA:31,5
DA:37,5
DA:38,5
DA:39,5
DA:42,4
DA:43,3
DA:44,98
DA:46,3
DA:47,1
DA:50,2
DA:51,2
DA:52,2
LF:28
LH:28
BRDA:19,0,0,1
BRDA:22,1,0,300
BRDA:22,1,1,296
BRDA:22,1,2,294
BRDA:46,2,0,1
BRF:5
BRH:5
end_of_record
TN:
SF:src/data/jsonStore.ts
FN:8,readJson
FN:15,writeJson
FNF:2
FNH:2
FNDA:55,readJson
FNDA:10,writeJson
DA:1,4
DA:2,4
DA:5,4
DA:8,4
DA:9,55
DA:10,55
DA:11,55
DA:15,4
DA:16,10
DA:17,10
LF:10
LH:10
BRF:0
BRH:0
end_of_record
TN:
SF:src/data/reviewsRepository.ts
FN:7,getAllReviews
FN:11,getReviewsByBookId
FN:13,(anonymous_2)
FN:16,createReview
FNF:4
FNH:4
FNDA:6,getAllReviews
FNDA:3,getReviewsByBookId
FNDA:4,(anonymous_2)
FNDA:3,createReview
DA:1,3
DA:3,3
DA:5,3
DA:7,3
DA:8,6
DA:11,3
DA:12,3
DA:13,4
DA:16,3
DA:17,3
DA:19,3
DA:25,3
DA:26,3
DA:27,3
LF:14
LH:14
BRF:0
BRH:0
end_of_record
TN:
SF:src/middleware/errorHandler.ts
FN:7,errorHandler
FN:27,notFoundHandler
FNF:2
FNH:2
FNDA:21,errorHandler
FNDA:1,notFoundHandler
DA:7,3
DA:13,21
DA:14,21
DA:16,21
DA:17,0
DA:20,21
DA:27,3
DA:28,1
LF:8
LH:7
BRDA:13,0,0,21
BRDA:13,0,1,0
BRDA:14,1,0,0
BRDA:14,1,1,21
BRDA:16,2,0,0
BRF:5
BRH:2
end_of_record
TN:
SF:src/routes/books.ts
FN:13,(anonymous_9)
FN:25,(anonymous_10)
FN:35,(anonymous_11)
FN:45,(anonymous_12)
FN:58,(anonymous_13)
FNF:5
FNH:5
FNDA:7,(anonymous_9)
FNDA:3,(anonymous_10)
FNDA:4,(anonymous_11)
FNDA:10,(anonymous_12)
FNDA:3,(anonymous_13)
DA:1,3
DA:2,3
DA:5,3
DA:11,3
DA:14,7
DA:15,7
DA:16,7
DA:17,6
DA:19,1
DA:25,3
DA:26,3
DA:27,3
DA:28,3
DA:30,0
DA:35,3
DA:36,4
DA:37,4
DA:38,2
DA:40,2
DA:45,3
DA:46,10
DA:47,10
DA:48,10
DA:49,4
DA:51,6
DA:56,3
DA:59,3
DA:60,3
DA:61,2
DA:63,1
DA:68,3
LF:31
LH:30
BRF:0
BRH:0
end_of_record
TN:
SF:src/routes/health.ts
FN:5,(anonymous_0)
FNF:1
FNH:1
FNDA:1,(anonymous_0)
DA:1,3
DA:3,3
DA:5,3
DA:6,1
DA:16,3
LF:5
LH:5
BRF:0
BRH:0
end_of_record
TN:
SF:src/routes/reviews.ts
FN:10,(anonymous_9)
FN:23,(anonymous_10)
FNF:2
FNH:2
FNDA:4,(anonymous_9)
FNDA:13,(anonymous_10)
DA:1,3
DA:3,3
DA:5,3
DA:8,3
DA:11,4
DA:12,4
DA:13,3
DA:15,1
DA:21,3
DA:24,13
DA:25,13
DA:26,13
DA:27,3
DA:29,10
DA:34,3
LF:15
LH:15
BRF:0
BRH:0
end_of_record
TN:
SF:src/services/booksService.ts
FN:7,createHttpError
FN:13,listBooks
FN:17,findBook
FN:25,searchBooks
FN:32,addBook
FN:60,deleteBook
FNF:6
FNH:6
FNDA:12,createHttpError
FNDA:3,listBooks
FNDA:21,findBook
FNDA:7,searchBooks
FNDA:10,addBook
FNDA:3,deleteBook
DA:2,3
DA:5,3
DA:8,12
DA:9,12
DA:10,12
DA:13,3
DA:14,3
DA:17,3
DA:18,21
DA:19,21
DA:20,4
DA:22,17
DA:25,3
DA:26,7
DA:27,1
DA:29,6
DA:32,3
DA:33,10
DA:35,10
DA:36,1
DA:38,9
DA:39,1
DA:41,8
DA:42,1
DA:44,7
DA:45,0
DA:47,7
DA:48,1
DA:50,6
DA:51,2
DA:53,4
DA:54,0
DA:57,4
DA:60,3
DA:61,3
DA:63,3
DA:64,1
DA:67,2
LF:38
LH:36
BRDA:19,0,0,4
BRDA:26,1,0,1
BRDA:26,2,0,7
BRDA:26,2,1,6
BRDA:35,3,0,1
BRDA:38,4,0,1
BRDA:41,5,0,1
BRDA:44,6,0,0
BRDA:47,7,0,1
BRDA:47,8,0,7
BRDA:47,8,1,7
BRDA:50,9,0,2
BRDA:50,10,0,6
BRDA:50,10,1,5
BRDA:53,11,0,0
BRDA:63,12,0,1
BRF:16
BRH:14
end_of_record
TN:
SF:src/services/reviewsService.ts
FN:6,createHttpError
FN:12,listReviewsForBook
FN:17,addReview
FNF:3
FNH:3
FNDA:9,createHttpError
FNDA:4,listReviewsForBook
FNDA:13,addReview
DA:2,3
DA:3,3
DA:7,9
DA:8,9
DA:9,9
DA:12,3
DA:13,4
DA:14,3
DA:17,3
DA:18,13
DA:20,12
DA:22,12
DA:23,2
DA:26,10
DA:27,2
DA:30,8
DA:31,1
DA:34,7
DA:35,2
DA:38,5
DA:39,2
DA:42,3
DA:49,3
LF:23
LH:23
BRDA:22,0,0,2
BRDA:26,1,0,2
BRDA:30,2,0,1
BRDA:34,3,0,2
BRDA:34,4,0,7
BRDA:34,4,1,6
BRDA:38,5,0,2
BRF:7
BRH:7
end_of_record
